2013-02-22 16:20:19,123 - [INFO] - from play in main 
Listening for HTTP on port 9002...

2013-02-22 16:20:22,889 - [ERROR] - from application in New I/O server worker #1-1 


! Internal server error, for request [GET /?id=2&size=portrait] ->

sbt.PlayExceptions$CompilationException: Compilation error [cannot find symbol [symbol: method length()] [location: class org.codehaus.jackson.node.ObjectNode]]
	at sbt.PlayReloader$$anon$2$$anonfun$reload$3$$anonfun$2$$anonfun$apply$11$$anonfun$apply$12.apply(PlayReloader.scala:224) ~[na:na]
	at sbt.PlayReloader$$anon$2$$anonfun$reload$3$$anonfun$2$$anonfun$apply$11$$anonfun$apply$12.apply(PlayReloader.scala:224) ~[na:na]
	at scala.Option.map(Option.scala:133) ~[scala-library.jar:0.11.2]
	at sbt.PlayReloader$$anon$2$$anonfun$reload$3$$anonfun$2$$anonfun$apply$11.apply(PlayReloader.scala:224) ~[na:na]
	at sbt.PlayReloader$$anon$2$$anonfun$reload$3$$anonfun$2$$anonfun$apply$11.apply(PlayReloader.scala:221) ~[na:na]
	at scala.Option.map(Option.scala:133) ~[scala-library.jar:0.11.2]
	at sbt.PlayReloader$$anon$2$$anonfun$reload$3$$anonfun$2.apply(PlayReloader.scala:221) ~[na:na]
	at sbt.PlayReloader$$anon$2$$anonfun$reload$3$$anonfun$2.apply(PlayReloader.scala:219) ~[na:na]
	at scala.Either$LeftProjection.map(Either.scala:183) ~[scala-library.jar:0.11.2]
	at sbt.PlayReloader$$anon$2$$anonfun$reload$3.apply(PlayReloader.scala:219) ~[na:na]
	at sbt.PlayReloader$$anon$2$$anonfun$reload$3.apply(PlayReloader.scala:214) ~[na:na]
	at scala.Option.getOrElse(Option.scala:108) ~[scala-library.jar:0.11.2]
	at sbt.PlayReloader$$anon$2.reload(PlayReloader.scala:214) ~[na:na]
	at play.core.ReloadableApplication$$anonfun$get$1.apply(ApplicationProvider.scala:110) ~[play_2.9.1-2.0.jar:2.0]
	at play.core.ReloadableApplication$$anonfun$get$1.apply(ApplicationProvider.scala:110) ~[play_2.9.1-2.0.jar:2.0]
	at akka.dispatch.Future$$anon$3.liftedTree1$1(Future.scala:195) ~[akka-actor-2.0.jar:2.0]
	at akka.dispatch.Future$$anon$3.run(Future.scala:194) ~[akka-actor-2.0.jar:2.0]
	at akka.dispatch.TaskInvocation.run(AbstractDispatcher.scala:83) ~[akka-actor-2.0.jar:2.0]
	at akka.jsr166y.ForkJoinTask$AdaptedRunnableAction.exec(ForkJoinTask.java:1381) ~[akka-actor-2.0.jar:2.0]
	at akka.jsr166y.ForkJoinTask.doExec(ForkJoinTask.java:259) ~[akka-actor-2.0.jar:2.0]
	at akka.jsr166y.ForkJoinPool$WorkQueue.runTask(ForkJoinPool.java:997) ~[akka-actor-2.0.jar:2.0]
	at akka.jsr166y.ForkJoinPool.runWorker(ForkJoinPool.java:1495) ~[akka-actor-2.0.jar:2.0]
	at akka.jsr166y.ForkJoinWorkerThread.run(ForkJoinWorkerThread.java:104) ~[akka-actor-2.0.jar:2.0]

2013-02-22 16:21:29,704 - [INFO] - from play in play-akka.actor.default-dispatcher-1 
database [default] connected at jdbc:mysql://46.252.16.134:3306/dPhotoBooth?user=appserver&password=appserver@usi

2013-02-22 16:21:32,624 - [INFO] - from application in play-akka.actor.default-dispatcher-1 
Glogal: OnStart: Application has started...

2013-02-22 16:21:32,624 - [INFO] - from application in play-akka.actor.default-dispatcher-1 
initFacebook:

2013-02-22 16:21:32,689 - [INFO] - from application in play-akka.actor.default-dispatcher-1 
mmHook.getPageAccessToken(): AAAB9c18RDrgBADAEnOwBzAeZB1dtduUtQkXs4tzpbwi8zDsVJLViDKk06fnQ34uSxEuy8t2ly3epmIqF2GzYwGjPU39Q4UlUFxBj2A2y4ovae9t2Q, mmHook.getPageId(): 342146769236413

2013-02-22 16:21:32,690 - [INFO] - from play in play-akka.actor.default-dispatcher-1 
Application started (Dev)

2013-02-22 16:21:32,874 - [INFO] - from application in play-akka.actor.actions-dispatcher-4 
MomentMachine.displayConnecting, displayId: 2 ,size: portrait

2013-02-22 16:21:32,876 - [INFO] - from application in play-akka.actor.actions-dispatcher-4 
Current directory is/srv/pdnet/MomentMachine

2013-02-22 16:21:34,534 - [INFO] - from application in play-akka.actor.websockets-dispatcher-1 
appReady

2013-02-22 16:21:34,553 - [INFO] - from application in play-akka.actor.websockets-dispatcher-1 
MomentMachine.Socket(): new displayID= 2 size="portrait"

2013-02-22 16:21:34,556 - [INFO] - from application in play-akka.actor.websockets-dispatcher-1 
!photoItems.isEmpty(): true

2013-02-22 16:21:34,558 - [INFO] - from application in play-akka.actor.websockets-dispatcher-1 
MomentMachine
file name: momentmachine-2013-01-22-16-12-57-2.jpg

2013-02-22 16:21:34,558 - [INFO] - from application in play-akka.actor.websockets-dispatcher-1 
Message: {"kind":"imageList","urls":[{"image_id":5,"fileName":"momentmachine-2013-01-22-16-12-57-2.jpg","location":"Location 2","likes":0}]}

2013-02-22 16:21:34,572 - [INFO] - from application in play-akka.actor.websockets-dispatcher-1 
MomentMachine message kind, displayId: 2 ,message kind: appReady

2013-02-22 16:21:36,488 - [INFO] - from application in play-akka.actor.websockets-dispatcher-1 
changefilter

2013-02-22 16:21:36,489 - [INFO] - from application in play-akka.actor.websockets-dispatcher-1 
MomentMachine message kind, displayId: 2 ,message kind: changefilter

2013-02-22 16:21:36,937 - [INFO] - from application in play-akka.actor.websockets-dispatcher-1 
changefilter

2013-02-22 16:21:36,937 - [INFO] - from application in play-akka.actor.websockets-dispatcher-1 
MomentMachine message kind, displayId: 2 ,message kind: changefilter

2013-02-22 16:21:44,834 - [INFO] - from application in play-akka.actor.websockets-dispatcher-1 
imagetaken

2013-02-22 16:21:44,834 - [INFO] - from application in play-akka.actor.websockets-dispatcher-1 
MomentMachine message kind, displayId: 2 ,message kind: imagetaken

2013-02-22 16:21:47,550 - [INFO] - from application in play-akka.actor.websockets-dispatcher-1 
savefacebook

2013-02-22 16:21:47,550 - [INFO] - from application in play-akka.actor.websockets-dispatcher-1 
MomentMachine message kind, displayId: 2 ,message kind: savefacebook

2013-02-22 16:21:50,122 - [INFO] - from application in play-akka.actor.websockets-dispatcher-1 
"343312499119840"

2013-02-22 16:21:50,129 - [INFO] - from application in play-akka.actor.websockets-dispatcher-1 
PhotoBoothController: broadcasting new image to displayID=2 socket=controllers.MomentMachineController$Sockets@435a2a

